Linked: (/home/gasper/GitHub/GD_kuka_ros_project/devel/.private/brics_actuator/include/brics_actuator/CartesianTwist.h, /home/gasper/GitHub/GD_kuka_ros_project/devel/include/brics_actuator/CartesianTwist.h)
Linked: (/home/gasper/GitHub/GD_kuka_ros_project/devel/.private/brics_actuator/include/brics_actuator/CartesianPose.h, /home/gasper/GitHub/GD_kuka_ros_project/devel/include/brics_actuator/CartesianPose.h)
Linked: (/home/gasper/GitHub/GD_kuka_ros_project/devel/.private/brics_actuator/include/brics_actuator/Poison.h, /home/gasper/GitHub/GD_kuka_ros_project/devel/include/brics_actuator/Poison.h)
Linked: (/home/gasper/GitHub/GD_kuka_ros_project/devel/.private/brics_actuator/include/brics_actuator/JointConstraint.h, /home/gasper/GitHub/GD_kuka_ros_project/devel/include/brics_actuator/JointConstraint.h)
Linked: (/home/gasper/GitHub/GD_kuka_ros_project/devel/.private/brics_actuator/include/brics_actuator/CartesianWrench.h, /home/gasper/GitHub/GD_kuka_ros_project/devel/include/brics_actuator/CartesianWrench.h)
Linked: (/home/gasper/GitHub/GD_kuka_ros_project/devel/.private/brics_actuator/include/brics_actuator/JointTorques.h, /home/gasper/GitHub/GD_kuka_ros_project/devel/include/brics_actuator/JointTorques.h)
Linked: (/home/gasper/GitHub/GD_kuka_ros_project/devel/.private/brics_actuator/include/brics_actuator/JointValue.h, /home/gasper/GitHub/GD_kuka_ros_project/devel/include/brics_actuator/JointValue.h)
Linked: (/home/gasper/GitHub/GD_kuka_ros_project/devel/.private/brics_actuator/include/brics_actuator/JointAccelerations.h, /home/gasper/GitHub/GD_kuka_ros_project/devel/include/brics_actuator/JointAccelerations.h)
Linked: (/home/gasper/GitHub/GD_kuka_ros_project/devel/.private/brics_actuator/include/brics_actuator/JointPositions.h, /home/gasper/GitHub/GD_kuka_ros_project/devel/include/brics_actuator/JointPositions.h)
Linked: (/home/gasper/GitHub/GD_kuka_ros_project/devel/.private/brics_actuator/include/brics_actuator/JointImpedances.h, /home/gasper/GitHub/GD_kuka_ros_project/devel/include/brics_actuator/JointImpedances.h)
Linked: (/home/gasper/GitHub/GD_kuka_ros_project/devel/.private/brics_actuator/include/brics_actuator/CartesianVector.h, /home/gasper/GitHub/GD_kuka_ros_project/devel/include/brics_actuator/CartesianVector.h)
Linked: (/home/gasper/GitHub/GD_kuka_ros_project/devel/.private/brics_actuator/include/brics_actuator/JointVelocities.h, /home/gasper/GitHub/GD_kuka_ros_project/devel/include/brics_actuator/JointVelocities.h)
Linked: (/home/gasper/GitHub/GD_kuka_ros_project/devel/.private/brics_actuator/share/brics_actuator/cmake/brics_actuator-msg-paths.cmake, /home/gasper/GitHub/GD_kuka_ros_project/devel/share/brics_actuator/cmake/brics_actuator-msg-paths.cmake)
Linked: (/home/gasper/GitHub/GD_kuka_ros_project/devel/.private/brics_actuator/share/brics_actuator/cmake/brics_actuator-msg-extras.cmake, /home/gasper/GitHub/GD_kuka_ros_project/devel/share/brics_actuator/cmake/brics_actuator-msg-extras.cmake)
Linked: (/home/gasper/GitHub/GD_kuka_ros_project/devel/.private/brics_actuator/share/brics_actuator/cmake/brics_actuatorConfig-version.cmake, /home/gasper/GitHub/GD_kuka_ros_project/devel/share/brics_actuator/cmake/brics_actuatorConfig-version.cmake)
Linked: (/home/gasper/GitHub/GD_kuka_ros_project/devel/.private/brics_actuator/share/brics_actuator/cmake/brics_actuatorConfig.cmake, /home/gasper/GitHub/GD_kuka_ros_project/devel/share/brics_actuator/cmake/brics_actuatorConfig.cmake)
Linked: (/home/gasper/GitHub/GD_kuka_ros_project/devel/.private/brics_actuator/share/roseus/ros/brics_actuator/manifest.l, /home/gasper/GitHub/GD_kuka_ros_project/devel/share/roseus/ros/brics_actuator/manifest.l)
Linked: (/home/gasper/GitHub/GD_kuka_ros_project/devel/.private/brics_actuator/share/roseus/ros/brics_actuator/msg/JointVelocities.l, /home/gasper/GitHub/GD_kuka_ros_project/devel/share/roseus/ros/brics_actuator/msg/JointVelocities.l)
Linked: (/home/gasper/GitHub/GD_kuka_ros_project/devel/.private/brics_actuator/share/roseus/ros/brics_actuator/msg/JointTorques.l, /home/gasper/GitHub/GD_kuka_ros_project/devel/share/roseus/ros/brics_actuator/msg/JointTorques.l)
Linked: (/home/gasper/GitHub/GD_kuka_ros_project/devel/.private/brics_actuator/share/roseus/ros/brics_actuator/msg/Poison.l, /home/gasper/GitHub/GD_kuka_ros_project/devel/share/roseus/ros/brics_actuator/msg/Poison.l)
Linked: (/home/gasper/GitHub/GD_kuka_ros_project/devel/.private/brics_actuator/share/roseus/ros/brics_actuator/msg/CartesianWrench.l, /home/gasper/GitHub/GD_kuka_ros_project/devel/share/roseus/ros/brics_actuator/msg/CartesianWrench.l)
Linked: (/home/gasper/GitHub/GD_kuka_ros_project/devel/.private/brics_actuator/share/roseus/ros/brics_actuator/msg/CartesianVector.l, /home/gasper/GitHub/GD_kuka_ros_project/devel/share/roseus/ros/brics_actuator/msg/CartesianVector.l)
Linked: (/home/gasper/GitHub/GD_kuka_ros_project/devel/.private/brics_actuator/share/roseus/ros/brics_actuator/msg/JointImpedances.l, /home/gasper/GitHub/GD_kuka_ros_project/devel/share/roseus/ros/brics_actuator/msg/JointImpedances.l)
Linked: (/home/gasper/GitHub/GD_kuka_ros_project/devel/.private/brics_actuator/share/roseus/ros/brics_actuator/msg/JointValue.l, /home/gasper/GitHub/GD_kuka_ros_project/devel/share/roseus/ros/brics_actuator/msg/JointValue.l)
Linked: (/home/gasper/GitHub/GD_kuka_ros_project/devel/.private/brics_actuator/share/roseus/ros/brics_actuator/msg/JointAccelerations.l, /home/gasper/GitHub/GD_kuka_ros_project/devel/share/roseus/ros/brics_actuator/msg/JointAccelerations.l)
Linked: (/home/gasper/GitHub/GD_kuka_ros_project/devel/.private/brics_actuator/share/roseus/ros/brics_actuator/msg/JointConstraint.l, /home/gasper/GitHub/GD_kuka_ros_project/devel/share/roseus/ros/brics_actuator/msg/JointConstraint.l)
Linked: (/home/gasper/GitHub/GD_kuka_ros_project/devel/.private/brics_actuator/share/roseus/ros/brics_actuator/msg/JointPositions.l, /home/gasper/GitHub/GD_kuka_ros_project/devel/share/roseus/ros/brics_actuator/msg/JointPositions.l)
Linked: (/home/gasper/GitHub/GD_kuka_ros_project/devel/.private/brics_actuator/share/roseus/ros/brics_actuator/msg/CartesianTwist.l, /home/gasper/GitHub/GD_kuka_ros_project/devel/share/roseus/ros/brics_actuator/msg/CartesianTwist.l)
Linked: (/home/gasper/GitHub/GD_kuka_ros_project/devel/.private/brics_actuator/share/roseus/ros/brics_actuator/msg/CartesianPose.l, /home/gasper/GitHub/GD_kuka_ros_project/devel/share/roseus/ros/brics_actuator/msg/CartesianPose.l)
Linked: (/home/gasper/GitHub/GD_kuka_ros_project/devel/.private/brics_actuator/share/gennodejs/ros/brics_actuator/_index.js, /home/gasper/GitHub/GD_kuka_ros_project/devel/share/gennodejs/ros/brics_actuator/_index.js)
Linked: (/home/gasper/GitHub/GD_kuka_ros_project/devel/.private/brics_actuator/share/gennodejs/ros/brics_actuator/msg/CartesianVector.js, /home/gasper/GitHub/GD_kuka_ros_project/devel/share/gennodejs/ros/brics_actuator/msg/CartesianVector.js)
Linked: (/home/gasper/GitHub/GD_kuka_ros_project/devel/.private/brics_actuator/share/gennodejs/ros/brics_actuator/msg/JointVelocities.js, /home/gasper/GitHub/GD_kuka_ros_project/devel/share/gennodejs/ros/brics_actuator/msg/JointVelocities.js)
Linked: (/home/gasper/GitHub/GD_kuka_ros_project/devel/.private/brics_actuator/share/gennodejs/ros/brics_actuator/msg/_index.js, /home/gasper/GitHub/GD_kuka_ros_project/devel/share/gennodejs/ros/brics_actuator/msg/_index.js)
Linked: (/home/gasper/GitHub/GD_kuka_ros_project/devel/.private/brics_actuator/share/gennodejs/ros/brics_actuator/msg/JointPositions.js, /home/gasper/GitHub/GD_kuka_ros_project/devel/share/gennodejs/ros/brics_actuator/msg/JointPositions.js)
Linked: (/home/gasper/GitHub/GD_kuka_ros_project/devel/.private/brics_actuator/share/gennodejs/ros/brics_actuator/msg/JointAccelerations.js, /home/gasper/GitHub/GD_kuka_ros_project/devel/share/gennodejs/ros/brics_actuator/msg/JointAccelerations.js)
Linked: (/home/gasper/GitHub/GD_kuka_ros_project/devel/.private/brics_actuator/share/gennodejs/ros/brics_actuator/msg/JointConstraint.js, /home/gasper/GitHub/GD_kuka_ros_project/devel/share/gennodejs/ros/brics_actuator/msg/JointConstraint.js)
Linked: (/home/gasper/GitHub/GD_kuka_ros_project/devel/.private/brics_actuator/share/gennodejs/ros/brics_actuator/msg/CartesianPose.js, /home/gasper/GitHub/GD_kuka_ros_project/devel/share/gennodejs/ros/brics_actuator/msg/CartesianPose.js)
Linked: (/home/gasper/GitHub/GD_kuka_ros_project/devel/.private/brics_actuator/share/gennodejs/ros/brics_actuator/msg/CartesianTwist.js, /home/gasper/GitHub/GD_kuka_ros_project/devel/share/gennodejs/ros/brics_actuator/msg/CartesianTwist.js)
Linked: (/home/gasper/GitHub/GD_kuka_ros_project/devel/.private/brics_actuator/share/gennodejs/ros/brics_actuator/msg/JointTorques.js, /home/gasper/GitHub/GD_kuka_ros_project/devel/share/gennodejs/ros/brics_actuator/msg/JointTorques.js)
Linked: (/home/gasper/GitHub/GD_kuka_ros_project/devel/.private/brics_actuator/share/gennodejs/ros/brics_actuator/msg/Poison.js, /home/gasper/GitHub/GD_kuka_ros_project/devel/share/gennodejs/ros/brics_actuator/msg/Poison.js)
Linked: (/home/gasper/GitHub/GD_kuka_ros_project/devel/.private/brics_actuator/share/gennodejs/ros/brics_actuator/msg/JointImpedances.js, /home/gasper/GitHub/GD_kuka_ros_project/devel/share/gennodejs/ros/brics_actuator/msg/JointImpedances.js)
Linked: (/home/gasper/GitHub/GD_kuka_ros_project/devel/.private/brics_actuator/share/gennodejs/ros/brics_actuator/msg/JointValue.js, /home/gasper/GitHub/GD_kuka_ros_project/devel/share/gennodejs/ros/brics_actuator/msg/JointValue.js)
Linked: (/home/gasper/GitHub/GD_kuka_ros_project/devel/.private/brics_actuator/share/gennodejs/ros/brics_actuator/msg/CartesianWrench.js, /home/gasper/GitHub/GD_kuka_ros_project/devel/share/gennodejs/ros/brics_actuator/msg/CartesianWrench.js)
Linked: (/home/gasper/GitHub/GD_kuka_ros_project/devel/.private/brics_actuator/share/common-lisp/ros/brics_actuator/msg/_package_Poison.lisp, /home/gasper/GitHub/GD_kuka_ros_project/devel/share/common-lisp/ros/brics_actuator/msg/_package_Poison.lisp)
Linked: (/home/gasper/GitHub/GD_kuka_ros_project/devel/.private/brics_actuator/share/common-lisp/ros/brics_actuator/msg/JointImpedances.lisp, /home/gasper/GitHub/GD_kuka_ros_project/devel/share/common-lisp/ros/brics_actuator/msg/JointImpedances.lisp)
Linked: (/home/gasper/GitHub/GD_kuka_ros_project/devel/.private/brics_actuator/share/common-lisp/ros/brics_actuator/msg/_package_JointTorques.lisp, /home/gasper/GitHub/GD_kuka_ros_project/devel/share/common-lisp/ros/brics_actuator/msg/_package_JointTorques.lisp)
Linked: (/home/gasper/GitHub/GD_kuka_ros_project/devel/.private/brics_actuator/share/common-lisp/ros/brics_actuator/msg/JointConstraint.lisp, /home/gasper/GitHub/GD_kuka_ros_project/devel/share/common-lisp/ros/brics_actuator/msg/JointConstraint.lisp)
Linked: (/home/gasper/GitHub/GD_kuka_ros_project/devel/.private/brics_actuator/share/common-lisp/ros/brics_actuator/msg/_package.lisp, /home/gasper/GitHub/GD_kuka_ros_project/devel/share/common-lisp/ros/brics_actuator/msg/_package.lisp)
Linked: (/home/gasper/GitHub/GD_kuka_ros_project/devel/.private/brics_actuator/share/common-lisp/ros/brics_actuator/msg/CartesianTwist.lisp, /home/gasper/GitHub/GD_kuka_ros_project/devel/share/common-lisp/ros/brics_actuator/msg/CartesianTwist.lisp)
Linked: (/home/gasper/GitHub/GD_kuka_ros_project/devel/.private/brics_actuator/share/common-lisp/ros/brics_actuator/msg/JointVelocities.lisp, /home/gasper/GitHub/GD_kuka_ros_project/devel/share/common-lisp/ros/brics_actuator/msg/JointVelocities.lisp)
Linked: (/home/gasper/GitHub/GD_kuka_ros_project/devel/.private/brics_actuator/share/common-lisp/ros/brics_actuator/msg/Poison.lisp, /home/gasper/GitHub/GD_kuka_ros_project/devel/share/common-lisp/ros/brics_actuator/msg/Poison.lisp)
Linked: (/home/gasper/GitHub/GD_kuka_ros_project/devel/.private/brics_actuator/share/common-lisp/ros/brics_actuator/msg/_package_CartesianVector.lisp, /home/gasper/GitHub/GD_kuka_ros_project/devel/share/common-lisp/ros/brics_actuator/msg/_package_CartesianVector.lisp)
Linked: (/home/gasper/GitHub/GD_kuka_ros_project/devel/.private/brics_actuator/share/common-lisp/ros/brics_actuator/msg/JointTorques.lisp, /home/gasper/GitHub/GD_kuka_ros_project/devel/share/common-lisp/ros/brics_actuator/msg/JointTorques.lisp)
Linked: (/home/gasper/GitHub/GD_kuka_ros_project/devel/.private/brics_actuator/share/common-lisp/ros/brics_actuator/msg/_package_JointPositions.lisp, /home/gasper/GitHub/GD_kuka_ros_project/devel/share/common-lisp/ros/brics_actuator/msg/_package_JointPositions.lisp)
Linked: (/home/gasper/GitHub/GD_kuka_ros_project/devel/.private/brics_actuator/share/common-lisp/ros/brics_actuator/msg/_package_CartesianPose.lisp, /home/gasper/GitHub/GD_kuka_ros_project/devel/share/common-lisp/ros/brics_actuator/msg/_package_CartesianPose.lisp)
Linked: (/home/gasper/GitHub/GD_kuka_ros_project/devel/.private/brics_actuator/share/common-lisp/ros/brics_actuator/msg/_package_JointConstraint.lisp, /home/gasper/GitHub/GD_kuka_ros_project/devel/share/common-lisp/ros/brics_actuator/msg/_package_JointConstraint.lisp)
Linked: (/home/gasper/GitHub/GD_kuka_ros_project/devel/.private/brics_actuator/share/common-lisp/ros/brics_actuator/msg/CartesianPose.lisp, /home/gasper/GitHub/GD_kuka_ros_project/devel/share/common-lisp/ros/brics_actuator/msg/CartesianPose.lisp)
Linked: (/home/gasper/GitHub/GD_kuka_ros_project/devel/.private/brics_actuator/share/common-lisp/ros/brics_actuator/msg/_package_JointValue.lisp, /home/gasper/GitHub/GD_kuka_ros_project/devel/share/common-lisp/ros/brics_actuator/msg/_package_JointValue.lisp)
Linked: (/home/gasper/GitHub/GD_kuka_ros_project/devel/.private/brics_actuator/share/common-lisp/ros/brics_actuator/msg/CartesianWrench.lisp, /home/gasper/GitHub/GD_kuka_ros_project/devel/share/common-lisp/ros/brics_actuator/msg/CartesianWrench.lisp)
Linked: (/home/gasper/GitHub/GD_kuka_ros_project/devel/.private/brics_actuator/share/common-lisp/ros/brics_actuator/msg/_package_CartesianTwist.lisp, /home/gasper/GitHub/GD_kuka_ros_project/devel/share/common-lisp/ros/brics_actuator/msg/_package_CartesianTwist.lisp)
Linked: (/home/gasper/GitHub/GD_kuka_ros_project/devel/.private/brics_actuator/share/common-lisp/ros/brics_actuator/msg/_package_JointAccelerations.lisp, /home/gasper/GitHub/GD_kuka_ros_project/devel/share/common-lisp/ros/brics_actuator/msg/_package_JointAccelerations.lisp)
Linked: (/home/gasper/GitHub/GD_kuka_ros_project/devel/.private/brics_actuator/share/common-lisp/ros/brics_actuator/msg/JointValue.lisp, /home/gasper/GitHub/GD_kuka_ros_project/devel/share/common-lisp/ros/brics_actuator/msg/JointValue.lisp)
Linked: (/home/gasper/GitHub/GD_kuka_ros_project/devel/.private/brics_actuator/share/common-lisp/ros/brics_actuator/msg/CartesianVector.lisp, /home/gasper/GitHub/GD_kuka_ros_project/devel/share/common-lisp/ros/brics_actuator/msg/CartesianVector.lisp)
Linked: (/home/gasper/GitHub/GD_kuka_ros_project/devel/.private/brics_actuator/share/common-lisp/ros/brics_actuator/msg/_package_JointImpedances.lisp, /home/gasper/GitHub/GD_kuka_ros_project/devel/share/common-lisp/ros/brics_actuator/msg/_package_JointImpedances.lisp)
Linked: (/home/gasper/GitHub/GD_kuka_ros_project/devel/.private/brics_actuator/share/common-lisp/ros/brics_actuator/msg/JointAccelerations.lisp, /home/gasper/GitHub/GD_kuka_ros_project/devel/share/common-lisp/ros/brics_actuator/msg/JointAccelerations.lisp)
Linked: (/home/gasper/GitHub/GD_kuka_ros_project/devel/.private/brics_actuator/share/common-lisp/ros/brics_actuator/msg/_package_JointVelocities.lisp, /home/gasper/GitHub/GD_kuka_ros_project/devel/share/common-lisp/ros/brics_actuator/msg/_package_JointVelocities.lisp)
Linked: (/home/gasper/GitHub/GD_kuka_ros_project/devel/.private/brics_actuator/share/common-lisp/ros/brics_actuator/msg/brics_actuator-msg.asd, /home/gasper/GitHub/GD_kuka_ros_project/devel/share/common-lisp/ros/brics_actuator/msg/brics_actuator-msg.asd)
Linked: (/home/gasper/GitHub/GD_kuka_ros_project/devel/.private/brics_actuator/share/common-lisp/ros/brics_actuator/msg/_package_CartesianWrench.lisp, /home/gasper/GitHub/GD_kuka_ros_project/devel/share/common-lisp/ros/brics_actuator/msg/_package_CartesianWrench.lisp)
Linked: (/home/gasper/GitHub/GD_kuka_ros_project/devel/.private/brics_actuator/share/common-lisp/ros/brics_actuator/msg/JointPositions.lisp, /home/gasper/GitHub/GD_kuka_ros_project/devel/share/common-lisp/ros/brics_actuator/msg/JointPositions.lisp)
Linked: (/home/gasper/GitHub/GD_kuka_ros_project/devel/.private/brics_actuator/lib/python3/dist-packages/brics_actuator/__init__.py, /home/gasper/GitHub/GD_kuka_ros_project/devel/lib/python3/dist-packages/brics_actuator/__init__.py)
Linked: (/home/gasper/GitHub/GD_kuka_ros_project/devel/.private/brics_actuator/lib/python3/dist-packages/brics_actuator/msg/_JointAccelerations.py, /home/gasper/GitHub/GD_kuka_ros_project/devel/lib/python3/dist-packages/brics_actuator/msg/_JointAccelerations.py)
Linked: (/home/gasper/GitHub/GD_kuka_ros_project/devel/.private/brics_actuator/lib/python3/dist-packages/brics_actuator/msg/__init__.py, /home/gasper/GitHub/GD_kuka_ros_project/devel/lib/python3/dist-packages/brics_actuator/msg/__init__.py)
Linked: (/home/gasper/GitHub/GD_kuka_ros_project/devel/.private/brics_actuator/lib/python3/dist-packages/brics_actuator/msg/_CartesianVector.py, /home/gasper/GitHub/GD_kuka_ros_project/devel/lib/python3/dist-packages/brics_actuator/msg/_CartesianVector.py)
Linked: (/home/gasper/GitHub/GD_kuka_ros_project/devel/.private/brics_actuator/lib/python3/dist-packages/brics_actuator/msg/_JointConstraint.py, /home/gasper/GitHub/GD_kuka_ros_project/devel/lib/python3/dist-packages/brics_actuator/msg/_JointConstraint.py)
Linked: (/home/gasper/GitHub/GD_kuka_ros_project/devel/.private/brics_actuator/lib/python3/dist-packages/brics_actuator/msg/_Poison.py, /home/gasper/GitHub/GD_kuka_ros_project/devel/lib/python3/dist-packages/brics_actuator/msg/_Poison.py)
Linked: (/home/gasper/GitHub/GD_kuka_ros_project/devel/.private/brics_actuator/lib/python3/dist-packages/brics_actuator/msg/_JointTorques.py, /home/gasper/GitHub/GD_kuka_ros_project/devel/lib/python3/dist-packages/brics_actuator/msg/_JointTorques.py)
Linked: (/home/gasper/GitHub/GD_kuka_ros_project/devel/.private/brics_actuator/lib/python3/dist-packages/brics_actuator/msg/_CartesianPose.py, /home/gasper/GitHub/GD_kuka_ros_project/devel/lib/python3/dist-packages/brics_actuator/msg/_CartesianPose.py)
Linked: (/home/gasper/GitHub/GD_kuka_ros_project/devel/.private/brics_actuator/lib/python3/dist-packages/brics_actuator/msg/_JointVelocities.py, /home/gasper/GitHub/GD_kuka_ros_project/devel/lib/python3/dist-packages/brics_actuator/msg/_JointVelocities.py)
Linked: (/home/gasper/GitHub/GD_kuka_ros_project/devel/.private/brics_actuator/lib/python3/dist-packages/brics_actuator/msg/_JointImpedances.py, /home/gasper/GitHub/GD_kuka_ros_project/devel/lib/python3/dist-packages/brics_actuator/msg/_JointImpedances.py)
Linked: (/home/gasper/GitHub/GD_kuka_ros_project/devel/.private/brics_actuator/lib/python3/dist-packages/brics_actuator/msg/_CartesianTwist.py, /home/gasper/GitHub/GD_kuka_ros_project/devel/lib/python3/dist-packages/brics_actuator/msg/_CartesianTwist.py)
Linked: (/home/gasper/GitHub/GD_kuka_ros_project/devel/.private/brics_actuator/lib/python3/dist-packages/brics_actuator/msg/_CartesianWrench.py, /home/gasper/GitHub/GD_kuka_ros_project/devel/lib/python3/dist-packages/brics_actuator/msg/_CartesianWrench.py)
Linked: (/home/gasper/GitHub/GD_kuka_ros_project/devel/.private/brics_actuator/lib/python3/dist-packages/brics_actuator/msg/_JointValue.py, /home/gasper/GitHub/GD_kuka_ros_project/devel/lib/python3/dist-packages/brics_actuator/msg/_JointValue.py)
Linked: (/home/gasper/GitHub/GD_kuka_ros_project/devel/.private/brics_actuator/lib/python3/dist-packages/brics_actuator/msg/_JointPositions.py, /home/gasper/GitHub/GD_kuka_ros_project/devel/lib/python3/dist-packages/brics_actuator/msg/_JointPositions.py)
Linked: (/home/gasper/GitHub/GD_kuka_ros_project/devel/.private/brics_actuator/lib/pkgconfig/brics_actuator.pc, /home/gasper/GitHub/GD_kuka_ros_project/devel/lib/pkgconfig/brics_actuator.pc)
