Not searching for unused variables given on the command line.
[36m--[0m Using CATKIN_DEVEL_PREFIX: /home/gasper/GitHub/GD_kuka_ros_project/devel/.private/moveit_resources_fanuc_moveit_config
[36m--[0m Using CMAKE_PREFIX_PATH: /home/gasper/GitHub/GD_kuka_ros_project/devel;/opt/ros/noetic;/opt/ros/noetic/share/orocos_kdl/cmake/;/opt/ros/noetic/share/orocos_kdl/cmake/
[36m--[0m This workspace overlays: /home/gasper/GitHub/GD_kuka_ros_project/devel;/opt/ros/noetic
[36m--[0m Found PythonInterp: /usr/bin/python3 (found suitable version "3.8.10", minimum required is "3")
[36m--[0m Using PYTHON_EXECUTABLE: /usr/bin/python3
[36m--[0m Using Debian Python package layout
[36m--[0m Using empy: /home/gasper/.local/lib/python3.8/site-packages/em.py
[36m--[0m Using CATKIN_ENABLE_TESTING: ON
[36m--[0m Call enable_testing()
[36m--[0m Using CATKIN_TEST_RESULTS_DIR: /home/gasper/GitHub/GD_kuka_ros_project/build/moveit_resources_fanuc_moveit_config/test_results
[36m--[0m Forcing gtest/gmock from source, though one was otherwise available.
[36m--[0m Found gtest sources under '/usr/src/googletest': gtests will be built
[36m--[0m Found gmock sources under '/usr/src/googletest': gmock will be built
[36m--[0m Found PythonInterp: /usr/bin/python3 (found version "3.8.10")
[36m--[0m Using Python nosetests: /usr/bin/nosetests3
[36m--[0m catkin 0.8.10
[36m--[0m BUILD_SHARED_LIBS is on
[36m--[0m Configuring done
[36m--[0m Generating done
[36m--[0m Build files have been written to: /home/gasper/GitHub/GD_kuka_ros_project/build/moveit_resources_fanuc_moveit_config
